0 info it worked if it ends with ok
1 verbose cli [ '/usr/local/Cellar/node/0.8.14/bin/node',
1 verbose cli   '/usr/local/bin/npm',
1 verbose cli   'publish' ]
2 info using npm@1.1.65
3 info using node@v0.8.14
4 verbose publish [ '.' ]
5 verbose read json /Users/pelle/Sites/smallrepos/node-metrics-statsmix/package.json
6 verbose cache add [ '.', null ]
7 silly cache add name=undefined spec="." args=[".",null]
8 verbose parsed url { pathname: '.', path: '.', href: '.' }
9 silly lockFile 3a52ce78- .
10 verbose lock . /Users/pelle/.npm/3a52ce78-.lock
11 verbose read json package.json
12 silly lockFile 3a52ce78- .
13 error addLocal Could not install .
14 error Error: Invalid name: "Metrics StatsMix Reporter"
14 error     at validName (/usr/local/Cellar/node/0.8.14/lib/node_modules/npm/node_modules/read-package-json/read-json.js:518:40)
14 error     at final (/usr/local/Cellar/node/0.8.14/lib/node_modules/npm/node_modules/read-package-json/read-json.js:295:27)
14 error     at /usr/local/Cellar/node/0.8.14/lib/node_modules/npm/node_modules/read-package-json/read-json.js:119:33
14 error     at cb (/usr/local/Cellar/node/0.8.14/lib/node_modules/npm/node_modules/slide/lib/async-map.js:48:11)
14 error     at /usr/local/Cellar/node/0.8.14/lib/node_modules/npm/node_modules/read-package-json/read-json.js:249:40
14 error     at fs.readFile (fs.js:176:14)
14 error     at fs.close (/usr/local/Cellar/node/0.8.14/lib/node_modules/npm/node_modules/graceful-fs/graceful-fs.js:90:5)
14 error     at Object.oncomplete (fs.js:297:15)
15 error If you need help, you may report this log at:
15 error     <http://github.com/isaacs/npm/issues>
15 error or email it to:
15 error     <npm-@googlegroups.com>
16 error System Darwin 12.2.0
17 error command "/usr/local/Cellar/node/0.8.14/bin/node" "/usr/local/bin/npm" "publish"
18 error cwd /Users/pelle/Sites/smallrepos/node-metrics-statsmix
19 error node -v v0.8.14
20 error npm -v 1.1.65
21 verbose exit [ 1, true ]
